This is pdfTeX, Version 3.14159265-2.6-1.40.19 (TeX Live 2019/dev/Debian) (preloaded format=pdflatex 2020.9.22)  2 OCT 2020 18:10
entering extended mode
 restricted \write18 enabled.
 %&-line parsing enabled.
**MPS.tex
(./MPS.tex
LaTeX2e <2018-12-01>
(/usr/share/texlive/texmf-dist/tex/latex/base/article.cls
Document Class: article 2018/09/03 v1.4i Standard LaTeX document class
(/usr/share/texlive/texmf-dist/tex/latex/base/size10.clo
File: size10.clo 2018/09/03 v1.4i Standard LaTeX file (size option)
)
\c@part=\count80
\c@section=\count81
\c@subsection=\count82
\c@subsubsection=\count83
\c@paragraph=\count84
\c@subparagraph=\count85
\c@figure=\count86
\c@table=\count87
\abovecaptionskip=\skip41
\belowcaptionskip=\skip42
\bibindent=\dimen102
)
(/usr/share/texlive/texmf-dist/tex/latex/base/inputenc.sty
Package: inputenc 2018/08/11 v1.3c Input encoding file
\inpenc@prehook=\toks14
\inpenc@posthook=\toks15
)
(/usr/share/texlive/texmf-dist/tex/generic/babel/babel.sty
Package: babel 2018/11/13 3.27 The Babel package

(/usr/share/texlive/texmf-dist/tex/generic/babel/switch.def
File: switch.def 2018/11/13 3.27 Babel switching mechanism
)
(/usr/share/texlive/texmf-dist/tex/latex/arabi/farsi.ldf
File: farsi.ldf 
Language: farsi 2006/01/01 v0.1 Farsi support for the babel system

(/usr/share/texlive/texmf-dist/tex/generic/babel/babel.def
File: babel.def 2018/11/13 3.27 Babel common definitions
\babel@savecnt=\count88
\U@D=\dimen103

(/usr/share/texlive/texmf-dist/tex/generic/babel/txtbabel.def)
\bbl@dirlevel=\count89
)
Loading the definitions for the LaTeX{} Farsi encoding
(/usr/share/texlive/texmf-dist/tex/latex/arabi/lfeenc.def
File: lfeenc.def 2006/01/01 v0.1 Local Farsi font encoding (test version: may c
hange)
Now handling font encoding LFE ...
... no UTF-8 mapping file for font encoding LFE
)
Loading the definitions for the Jalali calendar
(/usr/share/texlive/texmf-dist/tex/latex/arabi/arabiftoday.sty
\FT@i=\count90
\FT@y=\count91
\FT@m=\count92
\FT@d=\count93
\FT@latini=\count94
\FT@farsii=\count95
\FT@latinii=\count96
\FT@farsiii=\count97
\FT@latiniii=\count98
\FT@farsiiii=\count99
\FT@latiniv=\count100
\FT@farsiiv=\count101
\FT@latinv=\count102
\FT@farsiv=\count103
\FT@latinvi=\count104
\FT@farsivi=\count105
\FT@latinvii=\count106
\FT@farsivii=\count107
\FT@latinviii=\count108
\FT@farsiviii=\count109
\FT@latinix=\count110
\FT@farsiix=\count111
\FT@latinx=\count112
\FT@farsix=\count113
\FT@latinxi=\count114
\FT@farsixi=\count115
\FT@latinxii=\count116
\FT@farsixii=\count117
\FT@farsixiii=\count118
\FT@temp=\count119
\FT@temptwo=\count120
\FT@tempthree=\count121
\FT@yModHundred=\count122
\FT@thirtytwo=\count123
\FT@dn=\count124
\FT@sn=\count125
\FT@mminusone=\count126
)
Loading the Common definitions for Arabic and Farsi
(/usr/share/texlive/texmf-dist/tex/latex/arabi/arabicore.sty
  Arabi Core switching commands v1.0  2006/01/01   (may still change)  
\n@everypar=\toks16
\@Arabitempboxa=\box27
\llahheight=\skip43
\Decimalheight=\skip44
)
LaTeX Font Info:    Redeclaring font encoding LFE on input line 152.
\rialheight=\skip45

Loading the Arabi fonts definitions for Farsi
(/usr/share/texlive/texmf-dist/tex/latex/arabi/farsifnt.sty
  Farsi font switching commands v1.0  2006/01/01   (may still change)  )
Loading the Common definitions for Arabic and Farsi
(/usr/share/texlive/texmf-dist/tex/latex/arabi/arabnovowel.sty
File: arabnovowel.sty 2005/09/07 v0.1 Arabic dummy vowel slots when needed
\ArabiStruthightOFF=\skip46
\ArabiStrutdepthOFF=\skip47
\ArabiStruthightON=\skip48
\ArabiStrutdepthON=\skip49


! LaTeX Error: Encoding scheme `LAE' unknown.

See the LaTeX manual or LaTeX Companion for explanation.
Type  H <return>  for immediate help.
 ...                                              
                                                  
l.133 ...ntencoding{LAE}\fi\selectfont\alefhamza}}
                                                  %
Your command was ignored.
Type  I <command> <return>  to replace it with another command,
or  <return>  to continue without it.


! LaTeX Error: Command \alefhamza unavailable in encoding OT1.

See the LaTeX manual or LaTeX Companion for explanation.
Type  H <return>  for immediate help.
 ...                                              
                                                  
l.133 ...ntencoding{LAE}\fi\selectfont\alefhamza}}
                                                  %
Your command was ignored.
Type  I <command> <return>  to replace it with another command,
or  <return>  to continue without it.


! LaTeX Error: Encoding scheme `LAE' unknown.

See the LaTeX manual or LaTeX Companion for explanation.
Type  H <return>  for immediate help.
 ...                                              
                                                  
l.135 ...   \fontencoding{LAE}\fi\selectfont\Haa}}
                                                  %
Your command was ignored.
Type  I <command> <return>  to replace it with another command,
or  <return>  to continue without it.


! LaTeX Error: Command \Haa unavailable in encoding OT1.

See the LaTeX manual or LaTeX Companion for explanation.
Type  H <return>  for immediate help.
 ...                                              
                                                  
l.135 ...   \fontencoding{LAE}\fi\selectfont\Haa}}
                                                  %
Your command was ignored.
Type  I <command> <return>  to replace it with another command,
or  <return>  to continue without it.


! LaTeX Error: Encoding scheme `LAE' unknown.

See the LaTeX manual or LaTeX Companion for explanation.
Type  H <return>  for immediate help.
 ...                                              
                                                  
l.137 ... \fontencoding{LAE}\fi\selectfont\damma}}
                                                  %
Your command was ignored.
Type  I <command> <return>  to replace it with another command,
or  <return>  to continue without it.


! LaTeX Error: Command \damma unavailable in encoding OT1.

See the LaTeX manual or LaTeX Companion for explanation.
Type  H <return>  for immediate help.
 ...                                              
                                                  
l.137 ... \fontencoding{LAE}\fi\selectfont\damma}}
                                                  %
Your command was ignored.
Type  I <command> <return>  to replace it with another command,
or  <return>  to continue without it.


! LaTeX Error: Encoding scheme `LAE' unknown.

See the LaTeX manual or LaTeX Companion for explanation.
Type  H <return>  for immediate help.
 ...                                              
                                                  
l.139 ... \fontencoding{LAE}\fi\selectfont\kasra}}
                                                  %
Your command was ignored.
Type  I <command> <return>  to replace it with another command,
or  <return>  to continue without it.


! LaTeX Error: Command \kasra unavailable in encoding OT1.

See the LaTeX manual or LaTeX Companion for explanation.
Type  H <return>  for immediate help.
 ...                                              
                                                  
l.139 ... \fontencoding{LAE}\fi\selectfont\kasra}}
                                                  %
Your command was ignored.
Type  I <command> <return>  to replace it with another command,
or  <return>  to continue without it.

)
\c@mv@farsimath=\count127
\symfarsiletters=\mathgroup4
LaTeX Font Info:    Overwriting symbol font `farsiletters' in version `farsimat
h'
(Font)                  LFE/nazli/m/n --> LFE/nazli/m/n on input line 310.
LaTeX Font Info:    Encoding `LFE' has changed to `OT1' for symbol font
(Font)              `farsiletters' in the math version `normal' on input line 3
13.
LaTeX Font Info:    Overwriting symbol font `farsiletters' in version `normal'
(Font)                  LFE/nazli/m/n --> OT1/cmr/m/n on input line 313.
)) (/usr/share/texlive/texmf-dist/tex/latex/amsmath/amsmath.sty
Package: amsmath 2018/12/01 v2.17b AMS math features
\@mathmargin=\skip50

For additional information on amsmath, use the `?' option.
(/usr/share/texlive/texmf-dist/tex/latex/amsmath/amstext.sty
Package: amstext 2000/06/29 v2.01 AMS text

(/usr/share/texlive/texmf-dist/tex/latex/amsmath/amsgen.sty
File: amsgen.sty 1999/11/30 v2.0 generic functions
\@emptytoks=\toks17
\ex@=\dimen104
))
(/usr/share/texlive/texmf-dist/tex/latex/amsmath/amsbsy.sty
Package: amsbsy 1999/11/29 v1.2d Bold Symbols
\pmbraise@=\dimen105
)
(/usr/share/texlive/texmf-dist/tex/latex/amsmath/amsopn.sty
Package: amsopn 2016/03/08 v2.02 operator names
)
\inf@bad=\count128
LaTeX Info: Redefining \frac on input line 223.
\uproot@=\count129
\leftroot@=\count130
LaTeX Info: Redefining \overline on input line 385.
\classnum@=\count131
\DOTSCASE@=\count132
LaTeX Info: Redefining \ldots on input line 482.
LaTeX Info: Redefining \dots on input line 485.
LaTeX Info: Redefining \cdots on input line 606.
\Mathstrutbox@=\box28
\strutbox@=\box29
\big@size=\dimen106
LaTeX Font Info:    Redeclaring font encoding OML on input line 729.
LaTeX Font Info:    Redeclaring font encoding OMS on input line 730.
\macc@depth=\count133
\c@MaxMatrixCols=\count134
\dotsspace@=\muskip10
\c@parentequation=\count135
\dspbrk@lvl=\count136
\tag@help=\toks18
\row@=\count137
\column@=\count138
\maxfields@=\count139
\andhelp@=\toks19
\eqnshift@=\dimen107
\alignsep@=\dimen108
\tagshift@=\dimen109
\tagwidth@=\dimen110
\totwidth@=\dimen111
\lineht@=\dimen112
\@envbody=\toks20
\multlinegap=\skip51
\multlinetaggap=\skip52
\mathdisplay@stack=\toks21
LaTeX Info: Redefining \[ on input line 2844.
LaTeX Info: Redefining \] on input line 2845.
)
(/usr/share/texlive/texmf-dist/tex/latex/amsfonts/amsfonts.sty
Package: amsfonts 2013/01/14 v3.01 Basic AMSFonts support
\symAMSa=\mathgroup5
\symAMSb=\mathgroup6
LaTeX Font Info:    Overwriting math alphabet `\mathfrak' in version `bold'
(Font)                  U/euf/m/n --> U/euf/b/n on input line 106.
)
(/usr/share/texlive/texmf-dist/tex/latex/amsfonts/amssymb.sty
Package: amssymb 2013/01/14 v3.01 AMS font symbols
)
(/usr/share/texlive/texmf-dist/tex/latex/graphics/graphicx.sty
Package: graphicx 2017/06/01 v1.1a Enhanced LaTeX Graphics (DPC,SPQR)

(/usr/share/texlive/texmf-dist/tex/latex/graphics/keyval.sty
Package: keyval 2014/10/28 v1.15 key=value parser (DPC)
\KV@toks@=\toks22
)
(/usr/share/texlive/texmf-dist/tex/latex/graphics/graphics.sty
Package: graphics 2017/06/25 v1.2c Standard LaTeX Graphics (DPC,SPQR)

(/usr/share/texlive/texmf-dist/tex/latex/graphics/trig.sty
Package: trig 2016/01/03 v1.10 sin cos tan (DPC)
)
(/usr/share/texlive/texmf-dist/tex/latex/graphics-cfg/graphics.cfg
File: graphics.cfg 2016/06/04 v1.11 sample graphics configuration
)
Package graphics Info: Driver file: pdftex.def on input line 99.

(/usr/share/texlive/texmf-dist/tex/latex/graphics-def/pdftex.def
File: pdftex.def 2018/01/08 v1.0l Graphics/color driver for pdftex
))
\Gin@req@height=\dimen113
\Gin@req@width=\dimen114
) (./MPS.aux
LaTeX Font Info:    Try loading font information for LFE+cmr on input line 2.

(/usr/share/texlive/texmf-dist/tex/latex/arabi/lfecmr.fd
File: lfecmr.fd 2006/12/01 v0.1a LaTeX default Farsi font description (test ver
sion: may change)
)
LaTeX Font Info:    Font shape `LFE/cmr/m/n' will be
(Font)              scaled to size 12.5pt on input line 2.
)
LaTeX Font Info:    Try loading font information for U+msa on input line 10.

(/usr/share/texlive/texmf-dist/tex/latex/amsfonts/umsa.fd
File: umsa.fd 2013/01/14 v3.01 AMS symbols A
)
LaTeX Font Info:    Try loading font information for U+msb on input line 10.

(/usr/share/texlive/texmf-dist/tex/latex/amsfonts/umsb.fd
File: umsb.fd 2013/01/14 v3.01 AMS symbols B
)
\openout1 = `MPS.aux'.

LaTeX Font Info:    Checking defaults for OML/cmm/m/it on input line 10.
LaTeX Font Info:    ... okay on input line 10.
LaTeX Font Info:    Checking defaults for T1/cmr/m/n on input line 10.
LaTeX Font Info:    ... okay on input line 10.
LaTeX Font Info:    Checking defaults for OT1/cmr/m/n on input line 10.
LaTeX Font Info:    ... okay on input line 10.
LaTeX Font Info:    Checking defaults for OMS/cmsy/m/n on input line 10.
LaTeX Font Info:    ... okay on input line 10.
LaTeX Font Info:    Checking defaults for OMX/cmex/m/n on input line 10.
LaTeX Font Info:    ... okay on input line 10.
LaTeX Font Info:    Checking defaults for U/cmr/m/n on input line 10.
LaTeX Font Info:    ... okay on input line 10.
LaTeX Font Info:    Checking defaults for LFE/cmr/m/n on input line 10.
LaTeX Font Info:    ... okay on input line 10.

(/usr/share/texlive/texmf-dist/tex/latex/base/ifthen.sty
Package: ifthen 2014/09/29 v1.1c Standard LaTeX ifthen package (DPC)
)
(/usr/share/texlive/texmf-dist/tex/context/base/mkii/supp-pdf.mkii
[Loading MPS to PDF converter (version 2006.09.02).]
\scratchcounter=\count140
\scratchdimen=\dimen115
\scratchbox=\box30
\nofMPsegments=\count141
\nofMParguments=\count142
\everyMPshowfont=\toks23
\MPscratchCnt=\count143
\MPscratchDim=\dimen116
\MPnumerator=\count144
\makeMPintoPDFobject=\count145
\everyMPtoPDFconversion=\toks24
) (/usr/share/texlive/texmf-dist/tex/latex/oberdiek/epstopdf-base.sty
Package: epstopdf-base 2016/05/15 v2.6 Base part for package epstopdf

(/usr/share/texlive/texmf-dist/tex/generic/oberdiek/infwarerr.sty
Package: infwarerr 2016/05/16 v1.4 Providing info/warning/error messages (HO)
)
(/usr/share/texlive/texmf-dist/tex/latex/oberdiek/grfext.sty
Package: grfext 2016/05/16 v1.2 Manage graphics extensions (HO)

(/usr/share/texlive/texmf-dist/tex/generic/oberdiek/kvdefinekeys.sty
Package: kvdefinekeys 2016/05/16 v1.4 Define keys (HO)

(/usr/share/texlive/texmf-dist/tex/generic/oberdiek/ltxcmds.sty
Package: ltxcmds 2016/05/16 v1.23 LaTeX kernel commands for general use (HO)
)))
(/usr/share/texlive/texmf-dist/tex/latex/oberdiek/kvoptions.sty
Package: kvoptions 2016/05/16 v3.12 Key value format for package options (HO)

(/usr/share/texlive/texmf-dist/tex/generic/oberdiek/kvsetkeys.sty
Package: kvsetkeys 2016/05/16 v1.17 Key value parser (HO)

(/usr/share/texlive/texmf-dist/tex/generic/oberdiek/etexcmds.sty
Package: etexcmds 2016/05/16 v1.6 Avoid name clashes with e-TeX commands (HO)

(/usr/share/texlive/texmf-dist/tex/generic/oberdiek/ifluatex.sty
Package: ifluatex 2016/05/16 v1.4 Provides the ifluatex switch (HO)
Package ifluatex Info: LuaTeX not detected.
))))
(/usr/share/texlive/texmf-dist/tex/generic/oberdiek/pdftexcmds.sty
Package: pdftexcmds 2018/09/10 v0.29 Utility functions of pdfTeX for LuaTeX (HO
)

(/usr/share/texlive/texmf-dist/tex/generic/oberdiek/ifpdf.sty
Package: ifpdf 2018/09/07 v3.3 Provides the ifpdf switch
)
Package pdftexcmds Info: LuaTeX not detected.
Package pdftexcmds Info: \pdf@primitive is available.
Package pdftexcmds Info: \pdf@ifprimitive is available.
Package pdftexcmds Info: \pdfdraftmode found.
)
Package epstopdf-base Info: Redefining graphics rule for `.eps' on input line 4
38.
Package grfext Info: Graphics extension search list:
(grfext)             [.pdf,.png,.jpg,.mps,.jpeg,.jbig2,.jb2,.PDF,.PNG,.JPG,.JPE
G,.JBIG2,.JB2,.eps]
(grfext)             \AppendGraphicsExtensions on input line 456.

(/usr/share/texlive/texmf-dist/tex/latex/latexconfig/epstopdf-sys.cfg
File: epstopdf-sys.cfg 2010/07/13 v1.3 Configuration of (r)epstopdf for TeX Liv
e
))
LaTeX Font Info:    Font shape `LFE/cmr/m/n' will be
(Font)              scaled to size 21.59999pt on input line 11.
Missing character: There is no e in font nazli!
Missing character: There is no o in font nazli!
Missing character: There is no e in font nazli!
LaTeX Font Info:    Font shape `LFE/cmr/m/n' will be
(Font)              scaled to size 15.0pt on input line 11.
LaTeX Font Info:    Try loading font information for LFE+nazli on input line 11
.

(/usr/share/texlive/texmf-dist/tex/latex/arabi/lfenazli.fd
File: lfenazli.fd 2006/01/01 v0.1 LaTeX Farsi font description (test version: m
ay change)
)
LaTeX Font Info:    Font shape `LFE/nazli/m/n' will be
(Font)              scaled to size 15.0pt on input line 11.
LaTeX Font Info:    Font shape `LFE/nazli/m/n' will be
(Font)              scaled to size 10.0pt on input line 11.
LaTeX Font Info:    Font shape `LFE/nazli/m/n' will be
(Font)              scaled to size 7.5pt on input line 11.
Missing character: There is no e in font nazli!
 [1

{/var/lib/texmf/fonts/map/pdftex/updmap/pdftex.map}]
LaTeX Font Info:    Font shape `LFE/cmr/m/n' will be
(Font)              scaled to size 17.99998pt on input line 16.
LaTeX Font Info:    Font shape `LFE/cmr/bx/n' in size <14.4> not available
(Font)              Font shape `LFE/nazli/b/n' tried instead on input line 16.
LaTeX Font Info:    Font shape `LFE/nazli/b/n' will be
(Font)              scaled to size 17.99998pt on input line 16.
Missing character: There is no I in font nazlib!
Missing character: There is no o in font nazlib!
Missing character: There is no o in font nazlib!
Missing character: There is no e in font nazli!
Missing character: There is no o in font nazli!
Missing character: There is no e in font nazli!
Missing character: There is no o in font nazli!
Missing character: There is no e in font nazli!
Missing character: There is no o in font nazli!
Missing character: There is no o in font nazli!
Missing character: There is no e in font nazli!
Missing character: There is no e in font nazli!
Missing character: There is no o in font nazli!
Missing character: There is no e in font nazli!
Missing character: There is no o in font nazli!
Missing character: There is no o in font nazli!
Missing character: There is no o in font nazli!
Missing character: There is no o in font nazli!
Missing character: There is no e in font nazli!
Missing character: There is no e in font nazli!
Missing character: There is no e in font nazli!
Missing character: There is no o in font nazli!
Missing character: There is no e in font nazli!
Missing character: There is no e in font nazli!
Missing character: There is no e in font nazli!
Missing character: There is no o in font nazli!
Missing character: There is no e in font nazli!
Missing character: There is no e in font nazli!
Missing character: There is no o in font nazli!
Missing character: There is no e in font nazli!
Missing character: There is no e in font nazli!
Missing character: There is no v in font nazli!
Missing character: There is no e in font nazli!
Missing character: There is no o in font nazli!
Missing character: There is no e in font nazli!
Missing character: There is no e in font nazli!
Missing character: There is no e in font nazli!
Missing character: There is no o in font nazli!
Missing character: There is no e in font nazli!
Missing character: There is no e in font nazli!
Missing character: There is no e in font nazli!
Missing character: There is no o in font nazli!
Missing character: There is no e in font nazli!
Missing character: There is no e in font nazli!
Missing character: There is no e in font nazli!
Missing character: There is no e in font nazli!
Missing character: There is no o in font nazli!
Missing character: There is no e in font nazli!
Missing character: There is no B in font nazli!
Missing character: There is no e in font nazli!
Missing character: There is no o in font nazli!
Missing character: There is no e in font nazli!
Missing character: There is no e in font nazli!
Missing character: There is no e in font nazli!
Missing character: There is no e in font nazli!
Missing character: There is no e in font nazli!
Missing character: There is no o in font nazli!
Missing character: There is no e in font nazli!
Missing character: There is no e in font nazli!
Missing character: There is no o in font nazli!
Missing character: There is no e in font nazli!
Missing character: There is no o in font nazli!
Missing character: There is no o in font nazli!
Missing character: There is no e in font nazli!
Missing character: There is no v in font nazli!
Missing character: There is no e in font nazli!
Missing character: There is no e in font nazli!
Missing character: There is no e in font nazli!
Missing character: There is no e in font nazli!
Missing character: There is no e in font nazli!
Missing character: There is no e in font nazli!
Missing character: There is no o in font nazli!
Missing character: There is no e in font nazli!
Missing character: There is no v in font nazli!
Missing character: There is no e in font nazli!
Missing character: There is no e in font nazli!
Missing character: There is no o in font nazli!
Missing character: There is no e in font nazli!
Missing character: There is no e in font nazli!
Missing character: There is no e in font nazli!
Missing character: There is no v in font nazli!
Missing character: There is no e in font nazli!
Missing character: There is no o in font nazli!
Missing character: There is no o in font nazli!
Missing character: There is no e in font nazli!
Missing character: There is no e in font nazli!
Missing character: There is no e in font nazli!
Missing character: There is no e in font nazli!
Missing character: There is no e in font nazli!
Missing character: There is no e in font nazli!
Missing character: There is no o in font nazli!
Missing character: There is no o in font nazli!
Missing character: There is no e in font nazli!
Missing character: There is no o in font nazli!
Missing character: There is no e in font nazli!
Missing character: There is no e in font nazli!
Missing character: There is no o in font nazli!
Missing character: There is no o in font nazli!
Missing character: There is no o in font nazli!
Missing character: There is no e in font nazli!
Missing character: There is no e in font nazli!
Missing character: There is no o in font nazli!
Missing character: There is no e in font nazli!
Missing character: There is no e in font nazli!
Missing character: There is no e in font nazli!
Missing character: There is no e in font nazli!
Missing character: There is no e in font nazli!
Missing character: There is no o in font nazli!
Missing character: There is no e in font nazli!
Missing character: There is no e in font nazli!
 [2] (./MPS.aux)
LaTeX Font Info:    Font shape `LFE/nazli/m/n' will be
(Font)              scaled to size 12.5pt on input line 18.
LaTeX Font Info:    Font shape `LFE/nazli/m/n' will be
(Font)              scaled to size 8.75pt on input line 18.
LaTeX Font Info:    Font shape `LFE/nazli/m/n' will be
(Font)              scaled to size 6.25pt on input line 18.
 ) 
Here is how much of TeX's memory you used:
 3512 strings out of 493326
 45129 string characters out of 6146724
 115597 words of memory out of 5000000
 7316 multiletter control sequences out of 15000+600000
 52394 words of font info for 49 fonts, out of 8000000 for 9000
 667 hyphenation exceptions out of 8191
 41i,6n,28p,613b,203s stack positions out of 5000i,500n,10000p,200000b,80000s
{/usr/share/texlive/texmf-dist/fonts/enc/dvips/arabi/farsiwebencoding.enc}</u
sr/share/texlive/texmf-dist/fonts/type1/public/amsfonts/cm/cmr10.pfb></usr/shar
e/texlive/texmf-dist/fonts/type1/arabi/farsiweb/nazli.pfb></usr/share/texlive/t
exmf-dist/fonts/type1/arabi/farsiweb/nazlib.pfb>
Output written on MPS.pdf (2 pages, 24943 bytes).
PDF statistics:
 24 PDF objects out of 1000 (max. 8388607)
 16 compressed objects within 1 object stream
 0 named destinations out of 1000 (max. 500000)
 1 words of extra memory for PDF output out of 10000 (max. 10000000)

